<?xml version="1.0" encoding="utf-8" standalone="no"?>
<!--This file represents the results of running a test suite-->
<test-results name="gameoflife_f_sharp.exe" total="17" errors="1" failures="1" not-run="0" inconclusive="0" ignored="0" skipped="0" invalid="0" date="2010-11-01" time="02:33:26">
  <environment nunit-version="2.5.7.10213" clr-version="2.0.50727.4952" os-version="Microsoft Windows NT 6.1.7600.0" platform="Win32NT" cwd="C:\Users\tonyx\Documents\Visual Studio 2010\Projects\gameoflife_f_sharp\gameoflife_f_sharp\bin\Debug" machine-name="TONYX-NB" user="tonyx" user-domain="tonyx-NB" />
  <culture-info current-culture="it-IT" current-uiculture="it-IT" />
  <test-suite type="Assembly" name="gameoflife_f_sharp.exe" executed="True" result="Failure" success="False" time="0.205" asserts="0">
    <results>
      <test-suite type="TestFixture" name="Module1+lkjfdlf lkdjdfdfdfaldfa " executed="True" result="Failure" success="False" time="0.192" asserts="0">
        <results>
          <test-case name="Module1+lkjfdlf lkdjdfdfdfaldfa . random row " executed="True" result="Error" success="False" time="0.031" asserts="0">
            <failure>
              <message><![CDATA[System.NullReferenceException : Object reference not set to an instance of an object.]]></message>
              <stack-trace><![CDATA[at Module1.randomrow(Int32 index, FSharpList`1 acc) in C:\Users\tonyx\Documents\Visual Studio 2010\Projects\gameoflife_f_sharp\gameoflife_f_sharp\Module1.fs:line 137
at Module1.lkjfdlf lkdjdfdfdfaldfa . random row () in C:\Users\tonyx\Documents\Visual Studio 2010\Projects\gameoflife_f_sharp\gameoflife_f_sharp\Module1.fs:line 193
]]></stack-trace>
            </failure>
          </test-case>
          <test-case name="Module1+lkjfdlf lkdjdfdfdfaldfa .con coufasdfnt" executed="True" result="Success" success="True" time="0.030" asserts="1" />
          <test-case name="Module1+lkjfdlf lkdjdfdfdfaldfa .con count" executed="True" result="Success" success="True" time="0.001" asserts="1" />
          <test-case name="Module1+lkjfdlf lkdjdfdfdfaldfa .count neigh including itself" executed="True" result="Success" success="True" time="0.004" asserts="1" />
          <test-case name="Module1+lkjfdlf lkdjdfdfdfaldfa .count neighborhs" executed="True" result="Success" success="True" time="0.002" asserts="1" />
          <test-case name="Module1+lkjfdlf lkdjdfdfdfaldfa .count neighborhs 1" executed="True" result="Success" success="True" time="0.000" asserts="1" />
          <test-case name="Module1+lkjfdlf lkdjdfdfdfaldfa .count neighborhs 2" executed="True" result="Success" success="True" time="0.001" asserts="1" />
          <test-case name="Module1+lkjfdlf lkdjdfdfdfaldfa .count neighborhs 3" executed="True" result="Success" success="True" time="0.001" asserts="1" />
          <test-case name="Module1+lkjfdlf lkdjdfdfdfaldfa .dslkfkdlflksadfas fd" executed="True" result="Success" success="True" time="0.045" asserts="1" />
          <test-case name="Module1+lkjfdlf lkdjdfdfdfaldfa .fsdfds " executed="True" result="Success" success="True" time="0.003" asserts="1" />
          <test-case name="Module1+lkjfdlf lkdjdfdfdfaldfa .map dfaaaaaaaaaaaaaaaaaaaaunt " executed="True" result="Success" success="True" time="0.001" asserts="1" />
          <test-case name="Module1+lkjfdlf lkdjdfdfdfaldfa .map dfsasaaaaaaaaaaaaaaaaaaaaaaaaaaaaaaaunt " executed="True" result="Success" success="True" time="0.002" asserts="1" />
          <test-case name="Module1+lkjfdlf lkdjdfdfdfaldfa .map for getting the neigh count " executed="True" result="Success" success="True" time="0.003" asserts="1" />
          <test-case name="Module1+lkjfdlf lkdjdfdfdfaldfa .map for getting the neigh count dfd" executed="True" result="Success" success="True" time="0.002" asserts="1" />
          <test-case name="Module1+lkjfdlf lkdjdfdfdfaldfa .map for getting the neigh count dfddfd" executed="True" result="Success" success="True" time="0.002" asserts="1" />
          <test-case name="Module1+lkjfdlf lkdjdfdfdfaldfa .matrix to rectangles" executed="True" result="Failure" success="False" time="0.015" asserts="1">
            <failure>
              <message><![CDATA[  Expected: 9
  But was:  8
]]></message>
              <stack-trace><![CDATA[at Module1.lkjfdlf lkdjdfdfdfaldfa .matrix to rectangles() in C:\Users\tonyx\Documents\Visual Studio 2010\Projects\gameoflife_f_sharp\gameoflife_f_sharp\Module1.fs:line 189
]]></stack-trace>
            </failure>
          </test-case>
          <test-case name="Module1+lkjfdlf lkdjdfdfdfaldfa .single line evolution " executed="True" result="Success" success="True" time="0.001" asserts="1" />
        </results>
      </test-suite>
    </results>
  </test-suite>
</test-results>